<?xml version="1.0" encoding="UTF-8"?>
<coverage generated="1654630409144" clover="3.2.0">
  <project timestamp="1654630409144" name="All files">
    <metrics statements="8" coveredstatements="8" conditionals="4" coveredconditionals="2" methods="3" coveredmethods="3" elements="15" coveredelements="13" complexity="0" loc="8" ncloc="8" packages="1" files="2" classes="2"/>
    <file name="filterByTerm.js" path="/Users/marcodalprato/GitHub/getting-started-with-jest/src/filterByTerm.js">
      <metrics statements="6" coveredstatements="6" conditionals="4" coveredconditionals="2" methods="2" coveredmethods="2"/>
      <line num="2" count="2" type="cond" truecount="1" falsecount="1"/>
      <line num="3" count="2" type="cond" truecount="1" falsecount="1"/>
      <line num="4" count="2" type="stmt"/>
      <line num="5" count="2" type="stmt"/>
      <line num="6" count="6" type="stmt"/>
      <line num="10" count="1" type="stmt"/>
    </file>
    <file name="multiplyByThree.js" path="/Users/marcodalprato/GitHub/getting-started-with-jest/src/multiplyByThree.js">
      <metrics statements="2" coveredstatements="2" conditionals="0" coveredconditionals="0" methods="1" coveredmethods="1"/>
      <line num="2" count="2" type="stmt"/>
      <line num="5" count="1" type="stmt"/>
    </file>
  </project>
</coverage>
