{"/Users/marcodalprato/GitHub/getting-started-with-jest/src/timeHelpers.js": {"path":"/Users/marcodalprato/GitHub/getting-started-with-jest/src/timeHelpers.js","statementMap":{"0":{"start":{"line":1,"column":15},"end":{"line":1,"column":32}},"1":{"start":{"line":2,"column":18},"end":{"line":2,"column":26}},"2":{"start":{"line":5,"column":0},"end":{"line":5,"column":25}},"3":{"start":{"line":8,"column":22},"end":{"line":11,"column":9}},"4":{"start":{"line":13,"column":2},"end":{"line":13,"column":23}},"5":{"start":{"line":19,"column":22},"end":{"line":19,"column":52}},"6":{"start":{"line":20,"column":20},"end":{"line":20,"column":57}},"7":{"start":{"line":22,"column":2},"end":{"line":22,"column":21}},"8":{"start":{"line":28,"column":2},"end":{"line":30,"column":3}},"9":{"start":{"line":29,"column":4},"end":{"line":29,"column":111}},"10":{"start":{"line":32,"column":2},"end":{"line":32,"column":93}},"11":{"start":{"line":35,"column":0},"end":{"line":40,"column":1}},"12":{"start":{"line":36,"column":2},"end":{"line":36,"column":29}},"13":{"start":{"line":36,"column":19},"end":{"line":36,"column":29}},"14":{"start":{"line":38,"column":2},"end":{"line":38,"column":82}},"15":{"start":{"line":42,"column":0},"end":{"line":52,"column":1}},"16":{"start":{"line":43,"column":2},"end":{"line":47,"column":3}},"17":{"start":{"line":44,"column":4},"end":{"line":44,"column":24}},"18":{"start":{"line":46,"column":4},"end":{"line":46,"column":25}},"19":{"start":{"line":49,"column":15},"end":{"line":49,"column":67}},"20":{"start":{"line":50,"column":15},"end":{"line":50,"column":68}},"21":{"start":{"line":51,"column":2},"end":{"line":51,"column":25}},"22":{"start":{"line":55,"column":2},"end":{"line":59,"column":3}},"23":{"start":{"line":56,"column":15},"end":{"line":56,"column":39}},"24":{"start":{"line":57,"column":4},"end":{"line":57,"column":40}},"25":{"start":{"line":58,"column":4},"end":{"line":58,"column":16}},"26":{"start":{"line":61,"column":22},"end":{"line":61,"column":52}},"27":{"start":{"line":63,"column":2},"end":{"line":63,"column":56}},"28":{"start":{"line":66,"column":0},"end":{"line":68,"column":1}},"29":{"start":{"line":67,"column":2},"end":{"line":67,"column":57}},"30":{"start":{"line":71,"column":13},"end":{"line":71,"column":84}},"31":{"start":{"line":72,"column":21},"end":{"line":72,"column":51}},"32":{"start":{"line":73,"column":19},"end":{"line":73,"column":43}},"33":{"start":{"line":75,"column":16},"end":{"line":75,"column":78}},"34":{"start":{"line":77,"column":22},"end":{"line":77,"column":54}},"35":{"start":{"line":79,"column":2},"end":{"line":79,"column":23}},"36":{"start":{"line":84,"column":13},"end":{"line":84,"column":38}},"37":{"start":{"line":85,"column":21},"end":{"line":85,"column":51}},"38":{"start":{"line":86,"column":19},"end":{"line":86,"column":43}},"39":{"start":{"line":88,"column":16},"end":{"line":88,"column":88}},"40":{"start":{"line":90,"column":22},"end":{"line":90,"column":54}},"41":{"start":{"line":92,"column":2},"end":{"line":92,"column":23}},"42":{"start":{"line":95,"column":0},"end":{"line":97,"column":1}},"43":{"start":{"line":96,"column":2},"end":{"line":96,"column":57}},"44":{"start":{"line":100,"column":2},"end":{"line":100,"column":62}},"45":{"start":{"line":103,"column":0},"end":{"line":106,"column":2}}},"fnMap":{"0":{"name":"serverStringToDate","decl":{"start":{"line":7,"column":9},"end":{"line":7,"column":27}},"loc":{"start":{"line":7,"column":40},"end":{"line":14,"column":1}},"line":7},"1":{"name":"serverDateToDisplayDate","decl":{"start":{"line":17,"column":9},"end":{"line":17,"column":32}},"loc":{"start":{"line":17,"column":45},"end":{"line":24,"column":1}},"line":17},"2":{"name":"displayDateToFormattedDate","decl":{"start":{"line":26,"column":9},"end":{"line":26,"column":35}},"loc":{"start":{"line":26,"column":66},"end":{"line":33,"column":1}},"line":26},"3":{"name":"serverDateToFormattedDate","decl":{"start":{"line":35,"column":26},"end":{"line":35,"column":51}},"loc":{"start":{"line":35,"column":81},"end":{"line":40,"column":1}},"line":35},"4":{"name":"jsDateToArtecoTime","decl":{"start":{"line":42,"column":26},"end":{"line":42,"column":44}},"loc":{"start":{"line":42,"column":53},"end":{"line":52,"column":1}},"line":42},"5":{"name":"addDays","decl":{"start":{"line":54,"column":9},"end":{"line":54,"column":16}},"loc":{"start":{"line":54,"column":35},"end":{"line":64,"column":1}},"line":54},"6":{"name":"(anonymous_6)","decl":{"start":{"line":55,"column":27},"end":{"line":55,"column":28}},"loc":{"start":{"line":55,"column":43},"end":{"line":59,"column":3}},"line":55},"7":{"name":"getCurrentServerTime","decl":{"start":{"line":66,"column":26},"end":{"line":66,"column":46}},"loc":{"start":{"line":66,"column":49},"end":{"line":68,"column":1}},"line":66},"8":{"name":"addHours","decl":{"start":{"line":70,"column":9},"end":{"line":70,"column":17}},"loc":{"start":{"line":70,"column":37},"end":{"line":80,"column":1}},"line":70},"9":{"name":"intervalOperations","decl":{"start":{"line":83,"column":9},"end":{"line":83,"column":27}},"loc":{"start":{"line":83,"column":61},"end":{"line":93,"column":1}},"line":83},"10":{"name":"addInterval","decl":{"start":{"line":95,"column":26},"end":{"line":95,"column":37}},"loc":{"start":{"line":95,"column":60},"end":{"line":97,"column":1}},"line":95},"11":{"name":"subtractInterval","decl":{"start":{"line":99,"column":9},"end":{"line":99,"column":25}},"loc":{"start":{"line":99,"column":48},"end":{"line":101,"column":1}},"line":99}},"branchMap":{"0":{"loc":{"start":{"line":8,"column":22},"end":{"line":11,"column":9}},"type":"cond-expr","locations":[{"start":{"line":8,"column":37},"end":{"line":11,"column":4}},{"start":{"line":11,"column":7},"end":{"line":11,"column":9}}],"line":8},"1":{"loc":{"start":{"line":26,"column":49},"end":{"line":26,"column":64}},"type":"default-arg","locations":[{"start":{"line":26,"column":59},"end":{"line":26,"column":64}}],"line":26},"2":{"loc":{"start":{"line":28,"column":2},"end":{"line":30,"column":3}},"type":"if","locations":[{"start":{"line":28,"column":2},"end":{"line":30,"column":3}},{"start":{},"end":{}}],"line":28},"3":{"loc":{"start":{"line":29,"column":11},"end":{"line":29,"column":110}},"type":"cond-expr","locations":[{"start":{"line":29,"column":27},"end":{"line":29,"column":105}},{"start":{"line":29,"column":108},"end":{"line":29,"column":110}}],"line":29},"4":{"loc":{"start":{"line":32,"column":9},"end":{"line":32,"column":92}},"type":"cond-expr","locations":[{"start":{"line":32,"column":25},"end":{"line":32,"column":87}},{"start":{"line":32,"column":90},"end":{"line":32,"column":92}}],"line":32},"5":{"loc":{"start":{"line":35,"column":64},"end":{"line":35,"column":79}},"type":"default-arg","locations":[{"start":{"line":35,"column":74},"end":{"line":35,"column":79}}],"line":35},"6":{"loc":{"start":{"line":36,"column":2},"end":{"line":36,"column":29}},"type":"if","locations":[{"start":{"line":36,"column":2},"end":{"line":36,"column":29}},{"start":{},"end":{}}],"line":36},"7":{"loc":{"start":{"line":75,"column":16},"end":{"line":75,"column":78}},"type":"cond-expr","locations":[{"start":{"line":75,"column":30},"end":{"line":75,"column":55}},{"start":{"line":75,"column":58},"end":{"line":75,"column":78}}],"line":75},"8":{"loc":{"start":{"line":88,"column":16},"end":{"line":88,"column":88}},"type":"cond-expr","locations":[{"start":{"line":88,"column":40},"end":{"line":88,"column":60}},{"start":{"line":88,"column":63},"end":{"line":88,"column":88}}],"line":88}},"s":{"0":1,"1":1,"2":1,"3":2,"4":2,"5":1,"6":1,"7":1,"8":0,"9":0,"10":0,"11":1,"12":0,"13":0,"14":0,"15":1,"16":0,"17":0,"18":0,"19":0,"20":0,"21":0,"22":0,"23":0,"24":0,"25":0,"26":0,"27":0,"28":1,"29":0,"30":0,"31":0,"32":0,"33":0,"34":0,"35":0,"36":0,"37":0,"38":0,"39":0,"40":0,"41":0,"42":1,"43":0,"44":0,"45":1},"f":{"0":2,"1":1,"2":0,"3":0,"4":0,"5":0,"6":0,"7":0,"8":0,"9":0,"10":0,"11":0},"b":{"0":[2,0],"1":[0],"2":[0,0],"3":[0,0],"4":[0,0],"5":[0],"6":[0,0],"7":[0,0],"8":[0,0]},"_coverageSchema":"1a1c01bbd47fc00a2c39e90264f33305004495a9","hash":"fafc4b63b351fe3c41ab19b67c66932a5a1b0bee"}
}
