TN:
SF:src/timeHelpers.js
FN:7,serverStringToDate
FN:17,serverDateToDisplayDate
FN:26,displayDateToFormattedDate
FN:35,serverDateToFormattedDate
FN:42,jsDateToArtecoTime
FN:54,addDays
FN:55,(anonymous_6)
FN:66,getCurrentServerTime
FN:70,addHours
FN:83,intervalOperations
FN:95,addInterval
FN:99,subtractInterval
FNF:12
FNH:2
FNDA:2,serverStringToDate
FNDA:1,serverDateToDisplayDate
FNDA:0,displayDateToFormattedDate
FNDA:0,serverDateToFormattedDate
FNDA:0,jsDateToArtecoTime
FNDA:0,addDays
FNDA:0,(anonymous_6)
FNDA:0,getCurrentServerTime
FNDA:0,addHours
FNDA:0,intervalOperations
FNDA:0,addInterval
FNDA:0,subtractInterval
DA:1,1
DA:2,1
DA:5,1
DA:8,2
DA:13,2
DA:19,1
DA:20,1
DA:22,1
DA:28,0
DA:29,0
DA:32,0
DA:35,1
DA:36,0
DA:38,0
DA:42,1
DA:43,0
DA:44,0
DA:46,0
DA:49,0
DA:50,0
DA:51,0
DA:55,0
DA:56,0
DA:57,0
DA:58,0
DA:61,0
DA:63,0
DA:66,1
DA:67,0
DA:71,0
DA:72,0
DA:73,0
DA:75,0
DA:77,0
DA:79,0
DA:84,0
DA:85,0
DA:86,0
DA:88,0
DA:90,0
DA:92,0
DA:95,1
DA:96,0
DA:100,0
DA:103,1
LF:45
LH:13
BRDA:8,0,0,2
BRDA:8,0,1,0
BRDA:26,1,0,0
BRDA:28,2,0,0
BRDA:28,2,1,0
BRDA:29,3,0,0
BRDA:29,3,1,0
BRDA:32,4,0,0
BRDA:32,4,1,0
BRDA:35,5,0,0
BRDA:36,6,0,0
BRDA:36,6,1,0
BRDA:75,7,0,0
BRDA:75,7,1,0
BRDA:88,8,0,0
BRDA:88,8,1,0
BRF:16
BRH:1
end_of_record
